<?xml version="1.0" encoding="UTF-8"?>
<!-- Generated by org.testng.reporters.JUnitReportReporter -->
<testsuite hostname="SSI-WAFZAL-LLP" failures="0" tests="3" name="rahulshetty.tests.SubmitOrder" time="68.659" errors="0" timestamp="2024-07-29T20:26:25 PKT" skipped="0">
  <testcase classname="rahulshetty.tests.SubmitOrder" name="submitOrder" time="35.006"/>
  <system-out/>
  <testcase classname="rahulshetty.tests.SubmitOrder" name="submitOrder" time="23.706"/>
  <system-out/>
  <testcase classname="rahulshetty.tests.SubmitOrder" name="OrderHistory" time="9.947"/>
  <system-out/>
</testsuite> <!-- rahulshetty.tests.SubmitOrder -->
