<?xml version="1.0" encoding="UTF-8"?>
<!-- Generated by org.testng.reporters.JUnitReportReporter -->
<testsuite hostname="SSI-WAFZAL-LLP" failures="0" tests="1" name="cucumber.TestNGTestRunner" time="17.754" errors="0" timestamp="2024-08-11T16:23:01 PKT" skipped="0">
  <testcase classname="cucumber.TestNGTestRunner" name="runScenario" time="17.754"/>
  <system-out/>
</testsuite> <!-- cucumber.TestNGTestRunner -->
