<?xml version="1.0" encoding="UTF-8"?>
<!-- Generated by org.testng.reporters.JUnitReportReporter -->
<testsuite hostname="SSI-WAFZAL-LLP" failures="0" tests="1" name="rahulshetty.tests.ErrorValidationTest" time="23.504" errors="0" timestamp="2024-08-18T20:12:38 PKT" skipped="0">
  <testcase classname="rahulshetty.tests.ErrorValidationTest" name="invalidOrder" time="23.504"/>
  <system-out/>
</testsuite> <!-- rahulshetty.tests.ErrorValidationTest -->
