<?xml version="1.0" encoding="UTF-8"?>
<!-- Generated by org.testng.reporters.JUnitReportReporter -->
<testsuite hostname="SSI-WAFZAL-LLP" failures="0" tests="1" name="rahulshetty.tests.ErrorValidationTest" time="24.679" errors="0" timestamp="2024-08-11T16:40:15 PKT" skipped="0">
  <testcase classname="rahulshetty.tests.ErrorValidationTest" name="invalidOrder" time="24.679"/>
</testsuite> <!-- rahulshetty.tests.ErrorValidationTest -->
