<?xml version="1.0" encoding="UTF-8"?>
<!-- Generated by org.testng.reporters.JUnitReportReporter -->
<testsuite hostname="SSI-WAFZAL-LLP" failures="0" tests="3" name="rahulshetty.tests.SubmitOrder" time="47.511" errors="0" timestamp="2024-08-04T15:27:47 PKT" skipped="0">
  <testcase classname="rahulshetty.tests.SubmitOrder" name="submitOrder" time="19.622"/>
  <testcase classname="rahulshetty.tests.SubmitOrder" name="OrderHistory" time="7.002"/>
  <testcase classname="rahulshetty.tests.SubmitOrder" name="submitOrder" time="20.887"/>
</testsuite> <!-- rahulshetty.tests.SubmitOrder -->
