<?xml version="1.0" encoding="UTF-8"?>
<!-- Generated by org.testng.reporters.JUnitReportReporter -->
<testsuite hostname="SSI-WAFZAL-LLP" failures="0" tests="1" name="cucumber.TestNGTestRunner" time="21.276" errors="0" timestamp="2024-08-11T16:55:10 PKT" skipped="0">
  <testcase classname="cucumber.TestNGTestRunner" name="runScenario" time="21.276"/>
</testsuite> <!-- cucumber.TestNGTestRunner -->
